<?xml version="1.0" encoding="UTF-8"?>
<!-- Generated by org.testng.reporters.JUnitReportReporter -->
<testsuite hostname="Durgairaj" failures="0" tests="1" name="Test.LoginRegistrationTesting.AdminRegTest" time="21.884" errors="0" timestamp="2022-10-27T13:03:38 IST" skipped="0">
  <testcase classname="Test.LoginRegistrationTesting.AdminRegTest" name="login" time="21.884"/>
  <system-out/>
</testsuite> <!-- Test.LoginRegistrationTesting.AdminRegTest -->
