<?xml version="1.0" encoding="UTF-8"?>
<!-- Generated by org.testng.reporters.JUnitReportReporter -->
<testsuite hostname="Durgairaj" failures="0" tests="1" name="Test.LoginRegistrationTesting.PatientRegistrationTest" time="20.504" errors="0" timestamp="2022-10-27T13:12:46 IST" skipped="0">
  <testcase classname="Test.LoginRegistrationTesting.PatientRegistrationTest" name="login" time="20.504"/>
  <system-out/>
</testsuite> <!-- Test.LoginRegistrationTesting.PatientRegistrationTest -->
