<?xml version="1.0" encoding="UTF-8"?>
<!-- Generated by org.testng.reporters.JUnitReportReporter -->
<testsuite hostname="Durgairaj" failures="0" tests="1" name="Test.LoginRegistrationTesting.PatientLoginTest" time="52.399" errors="0" timestamp="2022-10-27T13:10:18 IST" skipped="0">
  <testcase classname="Test.LoginRegistrationTesting.PatientLoginTest" name="login" time="52.399"/>
  <system-out/>
</testsuite> <!-- Test.LoginRegistrationTesting.PatientLoginTest -->
