<?xml version="1.0" encoding="UTF-8"?>
<!-- Generated by org.testng.reporters.JUnitReportReporter -->
<testsuite hostname="Durgairaj" failures="0" tests="1" name="Test.LoginRegistrationTesting.DoctorRegistrationTest" time="12.849" errors="0" timestamp="2022-10-27T13:06:54 IST" skipped="0">
  <testcase classname="Test.LoginRegistrationTesting.DoctorRegistrationTest" name="login" time="12.849"/>
  <system-out/>
</testsuite> <!-- Test.LoginRegistrationTesting.DoctorRegistrationTest -->
