<?xml version="1.0" encoding="UTF-8"?>
<!-- Generated by org.testng.reporters.JUnitReportReporter -->
<testsuite hostname="Durgairaj" failures="0" tests="1" name="Test.LoginRegistrationTesting.DoctorLoginTest" time="15.862" errors="0" timestamp="2022-10-27T13:05:06 IST" skipped="0">
  <testcase classname="Test.LoginRegistrationTesting.DoctorLoginTest" name="login" time="15.862"/>
  <system-out/>
</testsuite> <!-- Test.LoginRegistrationTesting.DoctorLoginTest -->
