<?xml version="1.0" encoding="UTF-8"?>
<!-- Generated by org.testng.reporters.JUnitReportReporter -->
<testsuite hostname="Durgairaj" failures="0" tests="1" name="Test.LoginRegistrationTesting.AdminLoginTest" time="61.748" errors="0" timestamp="2022-10-27T13:00:45 IST" skipped="0">
  <testcase classname="Test.LoginRegistrationTesting.AdminLoginTest" name="login" time="61.748"/>
  <system-out/>
</testsuite> <!-- Test.LoginRegistrationTesting.AdminLoginTest -->
