<?xml version="1.0" encoding="UTF-8"?>
<!-- Generated by org.testng.reporters.JUnitReportReporter -->
<testsuite hostname="Durgairaj" failures="0" tests="1" name="com.invoice.InvoiceTest" time="29.384" errors="0" timestamp="2022-10-27T12:17:58 IST" skipped="0">
  <testcase classname="com.invoice.InvoiceTest" name="saveInvoiceDetails" time="29.384"/>
  <system-out/>
</testsuite> <!-- com.invoice.InvoiceTest -->
