<?xml version="1.0" encoding="UTF-8"?>
<!-- Generated by org.testng.reporters.JUnitReportReporter -->
<testsuite hostname="Durgairaj" failures="0" tests="1" name="com.patient.patientTest" time="25.147" errors="0" timestamp="2022-10-27T12:39:10 IST" skipped="0">
  <testcase classname="com.patient.patientTest" name="savePatientDetails" time="25.147"/>
  <system-out/>
</testsuite> <!-- com.patient.patientTest -->
