<?xml version="1.0" encoding="UTF-8"?>
<!-- Generated by org.testng.reporters.JUnitReportReporter -->
<testsuite hostname="Durgairaj" failures="0" tests="1" name="com.admin.adminTesting" time="26.727" errors="0" timestamp="2022-10-27T17:25:53 IST" skipped="0">
  <testcase classname="com.admin.adminTesting" name="saveDoctorDetails" time="26.727"/>
  <system-out/>
</testsuite> <!-- com.admin.adminTesting -->
