<?xml version="1.0" encoding="UTF-8"?>
<!-- Generated by org.testng.reporters.JUnitReportReporter -->
<testsuite hostname="Durgairaj" failures="0" tests="1" name="com.doctor.testing.applyJobTesting" time="23.187" errors="0" timestamp="2022-10-27T13:14:47 IST" skipped="0">
  <testcase classname="com.doctor.testing.applyJobTesting" name="login" time="23.187"/>
  <system-out/>
</testsuite> <!-- com.doctor.testing.applyJobTesting -->
