<?xml version="1.0" encoding="UTF-8"?>
<!-- Generated by org.testng.reporters.JUnitReportReporter -->
<testsuite hostname="Durgairaj" failures="0" tests="1" name="com.NewTest" time="33.265" errors="0" timestamp="2022-10-26T21:24:30 IST" skipped="0">
  <testcase classname="com.NewTest" name="savePatient" time="33.265"/>
  <system-out/>
</testsuite> <!-- com.NewTest -->
